Using pre-set license
Built from '2021.1/staging' branch; Version is '2021.1.19f1 (5f5eb8bbdc25) revision 6250168'; Using compiler version '192528614'; Build Type 'Release'
OS: 'Windows 10 Home; OS build 19042.1237; Version 2009; 64bit' Language: 'en' Physical Memory: 16201 MB
BatchMode: 1, IsHumanControllingUs: 0, StartBugReporterOnCrash: 0, Is64bit: 1, IsPro: 0

COMMAND LINE ARGUMENTS:
C:\Program Files\Unity\Hub\Editor\2021.1.19f1\Editor\Unity.exe
-adb2
-batchMode
-noUpm
-name
AssetImportWorker0
-projectPath
C:/Users/alexw/Desktop/GBC/Sem_5/Mobile Development/GAME2014_A1_WymerRobert
-logFile
Logs/AssetImportWorker0.log
-srvPort
58596
Successfully changed project path to: C:/Users/alexw/Desktop/GBC/Sem_5/Mobile Development/GAME2014_A1_WymerRobert
C:/Users/alexw/Desktop/GBC/Sem_5/Mobile Development/GAME2014_A1_WymerRobert
Using Asset Import Pipeline V2.
Refreshing native plugins compatible for Editor in 99.59 ms, found 4 plugins.
Preloading 0 native plugins for Editor in 0.00 ms.
Initialize engine version: 2021.1.19f1 (5f5eb8bbdc25)
[Subsystems] Discovering subsystems at path C:/Program Files/Unity/Hub/Editor/2021.1.19f1/Editor/Data/Resources/UnitySubsystems
[Subsystems] Discovering subsystems at path C:/Users/alexw/Desktop/GBC/Sem_5/Mobile Development/GAME2014_A1_WymerRobert/Assets
GfxDevice: creating device client; threaded=0; jobified=0
Direct3D:
    Version:  Direct3D 11.0 [level 11.1]
    Renderer: NVIDIA GeForce RTX 2060 (ID=0x1f15)
    Vendor:   NVIDIA
    VRAM:     5980 MB
    Driver:   30.0.14.7111
Initialize mono
Mono path[0] = 'C:/Program Files/Unity/Hub/Editor/2021.1.19f1/Editor/Data/Managed'
Mono path[1] = 'C:/Program Files/Unity/Hub/Editor/2021.1.19f1/Editor/Data/MonoBleedingEdge/lib/mono/unityjit'
Mono config path = 'C:/Program Files/Unity/Hub/Editor/2021.1.19f1/Editor/Data/MonoBleedingEdge/etc'
Using monoOptions --debugger-agent=transport=dt_socket,embedding=1,server=y,suspend=n,address=127.0.0.1:56928
Begin MonoManager ReloadAssembly
Registering precompiled unity dll's ...
Register platform support module: C:/Program Files/Unity/Hub/Editor/2021.1.19f1/Editor/Data/PlaybackEngines/WindowsStandaloneSupport/UnityEditor.WindowsStandalone.Extensions.dll
Registered in 0.001749 seconds.
Native extension for WindowsStandalone target not found
Refreshing native plugins compatible for Editor in 93.99 ms, found 4 plugins.
Preloading 0 native plugins for Editor in 0.00 ms.
Mono: successfully reloaded assembly
- Completed reload, in  1.840 seconds
Domain Reload Profiling:
	ReloadAssembly (1841ms)
		BeginReloadAssembly (60ms)
			ExecutionOrderSort (0ms)
			DisableScriptedObjects (0ms)
			BackupInstance (0ms)
			ReleaseScriptingObjects (0ms)
			CreateAndSetChildDomain (1ms)
		EndReloadAssembly (423ms)
			LoadAssemblies (57ms)
			RebuildTransferFunctionScriptingTraits (0ms)
			SetupTypeCache (140ms)
			ReleaseScriptCaches (0ms)
			RebuildScriptCaches (25ms)
			SetupLoadedEditorAssemblies (212ms)
				LogAssemblyErrors (0ms)
				InitializePlatformSupportModulesInManaged (6ms)
				SetLoadedEditorAssemblies (0ms)
				RefreshPlugins (94ms)
				BeforeProcessingInitializeOnLoad (1ms)
				ProcessInitializeOnLoadAttributes (85ms)
				ProcessInitializeOnLoadMethodAttributes (25ms)
				AfterProcessingInitializeOnLoad (0ms)
				EditorAssembliesLoaded (0ms)
			ExecutionOrderSort2 (0ms)
			AwakeInstancesAfterBackupRestoration (0ms)
Platform modules already initialized, skipping
Registering precompiled user dll's ...
Registered in 0.004707 seconds.
Begin MonoManager ReloadAssembly
Symbol file LoadedFromMemory doesn't match image C:\Users\alexw\Desktop\GBC\Sem_5\Mobile Development\GAME2014_A1_WymerRobert\Library\PackageCache\com.unity.visualscripting@1.6.1\Editor\VisualScripting.Core\Dependencies\YamlDotNet\Unity.VisualScripting.YamlDotNet.dll
Symbol file LoadedFromMemory doesn't match image C:\Users\alexw\Desktop\GBC\Sem_5\Mobile Development\GAME2014_A1_WymerRobert\Library\PackageCache\com.unity.visualscripting@1.6.1\Editor\VisualScripting.Core\Dependencies\DotNetZip\Unity.VisualScripting.IonicZip.dll
Native extension for WindowsStandalone target not found
Refreshing native plugins compatible for Editor in 97.34 ms, found 4 plugins.
Preloading 0 native plugins for Editor in 0.00 ms.
Mono: successfully reloaded assembly
- Completed reload, in  1.321 seconds
Domain Reload Profiling:
	ReloadAssembly (1321ms)
		BeginReloadAssembly (138ms)
			ExecutionOrderSort (0ms)
			DisableScriptedObjects (4ms)
			BackupInstance (0ms)
			ReleaseScriptingObjects (0ms)
			CreateAndSetChildDomain (17ms)
		EndReloadAssembly (1129ms)
			LoadAssemblies (242ms)
			RebuildTransferFunctionScriptingTraits (0ms)
			SetupTypeCache (339ms)
			ReleaseScriptCaches (1ms)
			RebuildScriptCaches (48ms)
			SetupLoadedEditorAssemblies (417ms)
				LogAssemblyErrors (0ms)
				InitializePlatformSupportModulesInManaged (4ms)
				SetLoadedEditorAssemblies (0ms)
				RefreshPlugins (97ms)
				BeforeProcessingInitializeOnLoad (82ms)
				ProcessInitializeOnLoadAttributes (212ms)
				ProcessInitializeOnLoadMethodAttributes (16ms)
				AfterProcessingInitializeOnLoad (6ms)
				EditorAssembliesLoaded (0ms)
			ExecutionOrderSort2 (0ms)
			AwakeInstancesAfterBackupRestoration (7ms)
Platform modules already initialized, skipping
========================================================================
Worker process is ready to serve import requests
Launched and connected shader compiler UnityShaderCompiler.exe after 0.07 seconds
Refreshing native plugins compatible for Editor in 0.67 ms, found 4 plugins.
Preloading 0 native plugins for Editor in 0.00 ms.
Unloading 3689 Unused Serialized files (Serialized files now loaded: 0)
System memory in use before: 139.6 MB.
System memory in use after: 139.8 MB.

Unloading 30 unused Assets to reduce memory usage. Loaded Objects now: 4139.
Total: 3.549300 ms (FindLiveObjects: 0.252700 ms CreateObjectMapping: 0.192300 ms MarkObjects: 3.005300 ms  DeleteObjects: 0.098300 ms)

AssetImportParameters requested are different than current active one (requested -> active):
  custom:framework-win-MediaFoundation: 216162199b28c13a410421893ffa2e32 -> 
  custom:video-decoder-ogg-theora: a1e56fd34408186e4bbccfd4996cb3dc -> 
  custom:container-muxer-webm: aa71ff27fc2769a1b78a27578f13a17b -> 
  custom:container-demuxer-webm: 4f35f7cbe854078d1ac9338744f61a02 -> 
  custom:container-demuxer-ogg: 62fdf1f143b41e24485cea50d1cbac27 -> 
  custom:video-encoder-webm-vp8: eb34c28f22e8b96e1ab97ce403110664 -> 
  custom:video-decoder-webm-vp8: 9c59270c3fd7afecdb556c50c9e8de78 -> 
  custom:audio-decoder-ogg-vorbis: bf7c407c2cedff20999df2af8eb42d56 -> 
  custom:audio-encoder-webm-vorbis: bf7c407c2cedff20999df2af8eb42d56 -> 
========================================================================
Received Import Request.
  path: Assets
  artifactKey: Guid(00000000000000001000000000000000) Importer(815301076,1909f56bfc062723c751e8b465ee728b)
Start importing Assets using Guid(00000000000000001000000000000000) Importer(815301076,1909f56bfc062723c751e8b465ee728b)  -> (artifact id: '68a4034d3d715da871e781da702f0bc5') in 0.010762 seconds 
========================================================================
Received Import Request.
  Time since last request: 0.201060 seconds.
  path: Assets/Images
  artifactKey: Guid(fcff779ba06d78a44ad6ff1f54c0a085) Importer(815301076,1909f56bfc062723c751e8b465ee728b)
Start importing Assets/Images using Guid(fcff779ba06d78a44ad6ff1f54c0a085) Importer(815301076,1909f56bfc062723c751e8b465ee728b)  -> (artifact id: '411ffb27e91ed4d7a7a5926928131c5f') in 0.007705 seconds 
========================================================================
Received Import Request.
  Time since last request: 5.198274 seconds.
  path: Assets/Images/Map1.png
  artifactKey: Guid(ad3c7b89795c40f438505a190424a6af) Importer(815301076,1909f56bfc062723c751e8b465ee728b)
Start importing Assets/Images/Map1.png using Guid(ad3c7b89795c40f438505a190424a6af) Importer(815301076,1909f56bfc062723c751e8b465ee728b)  -> (artifact id: 'c2c34e90cdd2e42a4b3ddad951fb090b') in 0.089634 seconds 
========================================================================
Received Import Request.
  Time since last request: 2276.036712 seconds.
  path: Assets/Images/Map2.png
  artifactKey: Guid(6bdf103b0f8477845b50b78099bd1db4) Importer(815301076,1909f56bfc062723c751e8b465ee728b)
Start importing Assets/Images/Map2.png using Guid(6bdf103b0f8477845b50b78099bd1db4) Importer(815301076,1909f56bfc062723c751e8b465ee728b)  -> (artifact id: '6ea6785867571b92feee28ad1d2e71f7') in 0.026707 seconds 
========================================================================
Received Import Request.
  Time since last request: 258.674605 seconds.
  path: Assets/Scenes/StartScene.unity
  artifactKey: Guid(fc7ac882f47566246be9a66c80b525a3) Importer(815301076,1909f56bfc062723c751e8b465ee728b)
Start importing Assets/Scenes/StartScene.unity using Guid(fc7ac882f47566246be9a66c80b525a3) Importer(815301076,1909f56bfc062723c751e8b465ee728b)  -> (artifact id: 'ce1c31fd2f008c2c4eaf34d4907db659') in 0.008604 seconds 
========================================================================
Received Import Request.
  Time since last request: 435.956519 seconds.
  path: Assets/Sprites
  artifactKey: Guid(523c0ca2d73068f41a6c1c7e6ecec6a6) Importer(815301076,1909f56bfc062723c751e8b465ee728b)
Start importing Assets/Sprites using Guid(523c0ca2d73068f41a6c1c7e6ecec6a6) Importer(815301076,1909f56bfc062723c751e8b465ee728b)  -> (artifact id: '24c1d5107ee498ac56146211ce3d22ba') in 0.007791 seconds 
========================================================================
Received Import Request.
  Time since last request: 35.533869 seconds.
  path: Assets/Sprites/towerDefense_tile250.png
  artifactKey: Guid(2c69ca6547d677c48bd43f40d90c3fd7) Importer(815301076,1909f56bfc062723c751e8b465ee728b)
Start importing Assets/Sprites/towerDefense_tile250.png using Guid(2c69ca6547d677c48bd43f40d90c3fd7) Importer(815301076,1909f56bfc062723c751e8b465ee728b)  -> (artifact id: 'dcb44c7932c0a91578f1a122ba06b1f9') in 0.014352 seconds 
========================================================================
Received Import Request.
  Time since last request: 8.248661 seconds.
  path: Assets/Sprites/towerDefense_tile228.png
  artifactKey: Guid(dcc8cbe8e9924df4d9231af398018778) Importer(815301076,1909f56bfc062723c751e8b465ee728b)
Start importing Assets/Sprites/towerDefense_tile228.png using Guid(dcc8cbe8e9924df4d9231af398018778) Importer(815301076,1909f56bfc062723c751e8b465ee728b)  -> (artifact id: '7f81a90fc9bd9f91fefc9c5e28c83698') in 0.016151 seconds 
========================================================================
Received Import Request.
  Time since last request: 7.771995 seconds.
  path: Assets/Sprites/towerDefense_tile298.png
  artifactKey: Guid(7a1ce152a9378e746a997c68789554af) Importer(815301076,1909f56bfc062723c751e8b465ee728b)
Start importing Assets/Sprites/towerDefense_tile298.png using Guid(7a1ce152a9378e746a997c68789554af) Importer(815301076,1909f56bfc062723c751e8b465ee728b)  -> (artifact id: '6e78ac66e9259d40542585a7d681deff') in 0.015433 seconds 
========================================================================
Received Import Request.
  Time since last request: 2.484586 seconds.
  path: Assets/Sprites/towerDefense_tile297.png
  artifactKey: Guid(436efc27471e2394788a02008987b91e) Importer(815301076,1909f56bfc062723c751e8b465ee728b)
Start importing Assets/Sprites/towerDefense_tile297.png using Guid(436efc27471e2394788a02008987b91e) Importer(815301076,1909f56bfc062723c751e8b465ee728b)  -> (artifact id: 'b7bb355612349c3029fe24bf838a0c12') in 0.018581 seconds 
========================================================================
Received Import Request.
  Time since last request: 60.769484 seconds.
  path: Assets/Sprites/towerDefense_tile250.png
  artifactKey: Guid(2c69ca6547d677c48bd43f40d90c3fd7) Importer(815301076,1909f56bfc062723c751e8b465ee728b)
Start importing Assets/Sprites/towerDefense_tile250.png using Guid(2c69ca6547d677c48bd43f40d90c3fd7) Importer(815301076,1909f56bfc062723c751e8b465ee728b)  -> (artifact id: 'ba894cb91861982f5b1d22d81590936c') in 0.021511 seconds 
========================================================================
Received Import Request.
  Time since last request: 7.024780 seconds.
  path: Assets/Sprites/towerDefense_tile250.png
  artifactKey: Guid(2c69ca6547d677c48bd43f40d90c3fd7) Importer(815301076,1909f56bfc062723c751e8b465ee728b)
Start importing Assets/Sprites/towerDefense_tile250.png using Guid(2c69ca6547d677c48bd43f40d90c3fd7) Importer(815301076,1909f56bfc062723c751e8b465ee728b)  -> (artifact id: '87e1884e8708b4854d3e2b866a5da49b') in 0.023050 seconds 
AssetImportWorkerClient::OnTransportError - code=2 error=End of file
